<?xml version="1.0" encoding="UTF-8"?>
<!-- Generated by org.testng.reporters.JUnitXMLReporter -->
<testsuite ignored="4" hostname="DESKTOP-T140BP6" failures="0" tests="1" name="Default test" time="24.121" errors="0" timestamp="2022-09-23T14:54:38 NPT">
  <testcase classname="testCases.Login" name="invalidEmail" time="10.187"/>
  <testcase classname="testCases.Login" name="emptyEmail" time="0.0">
    <ignored/>
  </testcase> <!-- emptyEmail -->
  <testcase classname="testCases.Login" name="invalidPassword" time="0.0">
    <ignored/>
  </testcase> <!-- invalidPassword -->
  <testcase classname="testCases.Login" name="testSuccessfullLogin" time="0.0">
    <ignored/>
  </testcase> <!-- testSuccessfullLogin -->
  <testcase classname="testCases.Login" name="emptyPassword" time="0.0">
    <ignored/>
  </testcase> <!-- emptyPassword -->
</testsuite> <!-- Default test -->
