<?xml version="1.0" encoding="UTF-8"?>
<!-- Generated by org.testng.reporters.JUnitXMLReporter -->
<testsuite ignored="4" hostname="DESKTOP-T140BP6" failures="0" tests="1" name="Default test" time="26.147" errors="0" timestamp="2022-09-23T14:37:40 NPT">
  <testcase classname="testCases.Login" name="testSuccessfullLogin" time="13.347"/>
  <testcase classname="testCases.Login" name="invalidPassword" time="0.0">
    <ignored/>
  </testcase> <!-- invalidPassword -->
  <testcase classname="testCases.Login" name="emptyPassword" time="0.0">
    <ignored/>
  </testcase> <!-- emptyPassword -->
  <testcase classname="testCases.Login" name="invalidEmail" time="0.0">
    <ignored/>
  </testcase> <!-- invalidEmail -->
  <testcase classname="testCases.Login" name="emptyEmail" time="0.0">
    <ignored/>
  </testcase> <!-- emptyEmail -->
</testsuite> <!-- Default test -->
