<?xml version="1.0" encoding="UTF-8"?>
<testng-results ignored="0" total="1" passed="1" failed="0" skipped="0">
  <reporter-output>
  </reporter-output>
  <suite started-at="2022-09-23T10:19:18 NPT" name="Default suite" finished-at="2022-09-23T10:19:36 NPT" duration-ms="18384">
    <groups>
    </groups>
    <test started-at="2022-09-23T10:19:18 NPT" name="Default test" finished-at="2022-09-23T10:19:36 NPT" duration-ms="18384">
      <class name="testCases.Login">
        <test-method is-config="true" signature="setup()[pri:0, instance:testCases.Login@1a482e36]" started-at="2022-09-23T10:19:18 NPT" name="setup" finished-at="2022-09-23T10:19:36 NPT" duration-ms="18349" status="PASS">
          <reporter-output>
          </reporter-output>
        </test-method> <!-- setup -->
        <test-method signature="testSuccessfullLogin()[pri:1, instance:testCases.Login@1a482e36]" started-at="2022-09-23T10:19:36 NPT" name="testSuccessfullLogin" description="This is test for successfull Login" finished-at="2022-09-23T10:19:36 NPT" duration-ms="6" status="PASS">
          <reporter-output>
          </reporter-output>
        </test-method> <!-- testSuccessfullLogin -->
      </class> <!-- testCases.Login -->
    </test> <!-- Default test -->
  </suite> <!-- Default suite -->
</testng-results>
